<?xml version="1.0" encoding="UTF-8"?>
<!-- Generated by org.testng.reporters.JUnitXMLReporter -->
<testsuite ignored="0" hostname="DESKTOP-MMBFO9F" failures="0" tests="2" name="FirefoxTest" time="6.921" errors="0" timestamp="2023-12-20T14:54:49 IST">
  <testcase classname="Testcases.TC1_ActitimeLoginLogout" name="login" time="0.0">
    <skipped/>
  </testcase> <!-- login -->
  <testcase classname="Testcases.TC1_ActitimeLoginLogout" name="logout" time="0.0">
    <skipped/>
  </testcase> <!-- logout -->
</testsuite> <!-- FirefoxTest -->
