<?xml version="1.0" encoding="UTF-8"?>
<testng-results ignored="0" total="1" passed="1" failed="0" skipped="0">
  <reporter-output>
  </reporter-output>
  <suite started-at="2023-12-17T17:01:58 IST" name="Default suite" finished-at="2023-12-17T17:01:58 IST" duration-ms="78">
    <groups>
    </groups>
    <test started-at="2023-12-17T17:01:58 IST" name="Default test" finished-at="2023-12-17T17:01:58 IST" duration-ms="78">
      <class name="Assertclassmethods.CollectionValidation_4">
        <test-method signature="collectionListValidation()[pri:0, instance:Assertclassmethods.CollectionValidation_4@36bc55de]" started-at="2023-12-17T17:01:58 IST" name="collectionListValidation" finished-at="2023-12-17T17:01:58 IST" duration-ms="11" status="PASS">
          <reporter-output>
          </reporter-output>
        </test-method> <!-- collectionListValidation -->
      </class> <!-- Assertclassmethods.CollectionValidation_4 -->
    </test> <!-- Default test -->
  </suite> <!-- Default suite -->
</testng-results>
